[2025-02-12 10:00:56] production.ERROR: Vite manifest not found at: /home/applljeq/public_html/TheGuild/staging/ara/public/build/manifest.json (View: /home/applljeq/public_html/TheGuild/staging/ara/resources/views/welcome.blade.php) {"exception":"[object] (Illuminate\\View\\ViewException(code: 0): Vite manifest not found at: /home/applljeq/public_html/TheGuild/staging/ara/public/build/manifest.json (View: /home/applljeq/public_html/TheGuild/staging/ara/resources/views/welcome.blade.php) at /home/applljeq/public_html/TheGuild/staging/ara/vendor/laravel/framework/src/Illuminate/Foundation/Vite.php:934)
[stacktrace]
#0 /home/applljeq/public_html/TheGuild/staging/ara/vendor/laravel/framework/src/Illuminate/View/Engines/PhpEngine.php(60): Illuminate\\View\\Engines\\CompilerEngine->handleViewException()
#1 /home/applljeq/public_html/TheGuild/staging/ara/vendor/laravel/framework/src/Illuminate/View/Engines/CompilerEngine.php(75): Illuminate\\View\\Engines\\PhpEngine->evaluatePath()
#2 /home/applljeq/public_html/TheGuild/staging/ara/vendor/laravel/framework/src/Illuminate/View/View.php(209): Illuminate\\View\\Engines\\CompilerEngine->get()
#3 /home/applljeq/public_html/TheGuild/staging/ara/vendor/laravel/framework/src/Illuminate/View/View.php(192): Illuminate\\View\\View->getContents()
#4 /home/applljeq/public_html/TheGuild/staging/ara/vendor/laravel/framework/src/Illuminate/View/View.php(161): Illuminate\\View\\View->renderContents()
#5 /home/applljeq/public_html/TheGuild/staging/ara/vendor/laravel/framework/src/Illuminate/Http/Response.php(79): Illuminate\\View\\View->render()
#6 /home/applljeq/public_html/TheGuild/staging/ara/vendor/laravel/framework/src/Illuminate/Http/Response.php(35): Illuminate\\Http\\Response->setContent()
#7 /home/applljeq/public_html/TheGuild/staging/ara/vendor/laravel/framework/src/Illuminate/Routing/Router.php(920): Illuminate\\Http\\Response->__construct()
#8 /home/applljeq/public_html/TheGuild/staging/ara/vendor/laravel/framework/src/Illuminate/Routing/Router.php(887): Illuminate\\Routing\\Router::toResponse()
#9 /home/applljeq/public_html/TheGuild/staging/ara/vendor/laravel/framework/src/Illuminate/Routing/Router.php(807): Illuminate\\Routing\\Router->prepareResponse()
#10 /home/applljeq/public_html/TheGuild/staging/ara/vendor/laravel/framework/src/Illuminate/Pipeline/Pipeline.php(170): Illuminate\\Routing\\Router->Illuminate\\Routing\\{closure}()
#11 /home/applljeq/public_html/TheGuild/staging/ara/vendor/laravel/framework/src/Illuminate/Routing/Middleware/SubstituteBindings.php(51): Illuminate\\Pipeline\\Pipeline->Illuminate\\Pipeline\\{closure}()
#12 /home/applljeq/public_html/TheGuild/staging/ara/vendor/laravel/framework/src/Illuminate/Pipeline/Pipeline.php(209): Illuminate\\Routing\\Middleware\\SubstituteBindings->handle()
#13 /home/applljeq/public_html/TheGuild/staging/ara/vendor/laravel/framework/src/Illuminate/Foundation/Http/Middleware/VerifyCsrfToken.php(88): Illuminate\\Pipeline\\Pipeline->Illuminate\\Pipeline\\{closure}()
#14 /home/applljeq/public_html/TheGuild/staging/ara/vendor/laravel/framework/src/Illuminate/Pipeline/Pipeline.php(209): Illuminate\\Foundation\\Http\\Middleware\\VerifyCsrfToken->handle()
#15 /home/applljeq/public_html/TheGuild/staging/ara/vendor/laravel/framework/src/Illuminate/View/Middleware/ShareErrorsFromSession.php(49): Illuminate\\Pipeline\\Pipeline->Illuminate\\Pipeline\\{closure}()
#16 /home/applljeq/public_html/TheGuild/staging/ara/vendor/laravel/framework/src/Illuminate/Pipeline/Pipeline.php(209): Illuminate\\View\\Middleware\\ShareErrorsFromSession->handle()
#17 /home/applljeq/public_html/TheGuild/staging/ara/vendor/laravel/framework/src/Illuminate/Session/Middleware/StartSession.php(121): Illuminate\\Pipeline\\Pipeline->Illuminate\\Pipeline\\{closure}()
#18 /home/applljeq/public_html/TheGuild/staging/ara/vendor/laravel/framework/src/Illuminate/Session/Middleware/StartSession.php(64): Illuminate\\Session\\Middleware\\StartSession->handleStatefulRequest()
#19 /home/applljeq/public_html/TheGuild/staging/ara/vendor/laravel/framework/src/Illuminate/Pipeline/Pipeline.php(209): Illuminate\\Session\\Middleware\\StartSession->handle()
#20 /home/applljeq/public_html/TheGuild/staging/ara/vendor/laravel/framework/src/Illuminate/Cookie/Middleware/AddQueuedCookiesToResponse.php(37): Illuminate\\Pipeline\\Pipeline->Illuminate\\Pipeline\\{closure}()
#21 /home/applljeq/public_html/TheGuild/staging/ara/vendor/laravel/framework/src/Illuminate/Pipeline/Pipeline.php(209): Illuminate\\Cookie\\Middleware\\AddQueuedCookiesToResponse->handle()
#22 /home/applljeq/public_html/TheGuild/staging/ara/vendor/laravel/framework/src/Illuminate/Cookie/Middleware/EncryptCookies.php(75): Illuminate\\Pipeline\\Pipeline->Illuminate\\Pipeline\\{closure}()
#23 /home/applljeq/public_html/TheGuild/staging/ara/vendor/laravel/framework/src/Illuminate/Pipeline/Pipeline.php(209): Illuminate\\Cookie\\Middleware\\EncryptCookies->handle()
#24 /home/applljeq/public_html/TheGuild/staging/ara/vendor/laravel/framework/src/Illuminate/Pipeline/Pipeline.php(127): Illuminate\\Pipeline\\Pipeline->Illuminate\\Pipeline\\{closure}()
#25 /home/applljeq/public_html/TheGuild/staging/ara/vendor/laravel/framework/src/Illuminate/Routing/Router.php(807): Illuminate\\Pipeline\\Pipeline->then()
#26 /home/applljeq/public_html/TheGuild/staging/ara/vendor/laravel/framework/src/Illuminate/Routing/Router.php(786): Illuminate\\Routing\\Router->runRouteWithinStack()
#27 /home/applljeq/public_html/TheGuild/staging/ara/vendor/laravel/framework/src/Illuminate/Routing/Router.php(750): Illuminate\\Routing\\Router->runRoute()
#28 /home/applljeq/public_html/TheGuild/staging/ara/vendor/laravel/framework/src/Illuminate/Routing/Router.php(739): Illuminate\\Routing\\Router->dispatchToRoute()
#29 /home/applljeq/public_html/TheGuild/staging/ara/vendor/laravel/framework/src/Illuminate/Foundation/Http/Kernel.php(201): Illuminate\\Routing\\Router->dispatch()
#30 /home/applljeq/public_html/TheGuild/staging/ara/vendor/laravel/framework/src/Illuminate/Pipeline/Pipeline.php(170): Illuminate\\Foundation\\Http\\Kernel->Illuminate\\Foundation\\Http\\{closure}()
#31 /home/applljeq/public_html/TheGuild/staging/ara/vendor/laravel/framework/src/Illuminate/Foundation/Http/Middleware/TransformsRequest.php(21): Illuminate\\Pipeline\\Pipeline->Illuminate\\Pipeline\\{closure}()
#32 /home/applljeq/public_html/TheGuild/staging/ara/vendor/laravel/framework/src/Illuminate/Foundation/Http/Middleware/ConvertEmptyStringsToNull.php(31): Illuminate\\Foundation\\Http\\Middleware\\TransformsRequest->handle()
#33 /home/applljeq/public_html/TheGuild/staging/ara/vendor/laravel/framework/src/Illuminate/Pipeline/Pipeline.php(209): Illuminate\\Foundation\\Http\\Middleware\\ConvertEmptyStringsToNull->handle()
#34 /home/applljeq/public_html/TheGuild/staging/ara/vendor/laravel/framework/src/Illuminate/Foundation/Http/Middleware/TransformsRequest.php(21): Illuminate\\Pipeline\\Pipeline->Illuminate\\Pipeline\\{closure}()
#35 /home/applljeq/public_html/TheGuild/staging/ara/vendor/laravel/framework/src/Illuminate/Foundation/Http/Middleware/TrimStrings.php(51): Illuminate\\Foundation\\Http\\Middleware\\TransformsRequest->handle()
#36 /home/applljeq/public_html/TheGuild/staging/ara/vendor/laravel/framework/src/Illuminate/Pipeline/Pipeline.php(209): Illuminate\\Foundation\\Http\\Middleware\\TrimStrings->handle()
#37 /home/applljeq/public_html/TheGuild/staging/ara/vendor/laravel/framework/src/Illuminate/Http/Middleware/ValidatePostSize.php(27): Illuminate\\Pipeline\\Pipeline->Illuminate\\Pipeline\\{closure}()
#38 /home/applljeq/public_html/TheGuild/staging/ara/vendor/laravel/framework/src/Illuminate/Pipeline/Pipeline.php(209): Illuminate\\Http\\Middleware\\ValidatePostSize->handle()
#39 /home/applljeq/public_html/TheGuild/staging/ara/vendor/laravel/framework/src/Illuminate/Foundation/Http/Middleware/PreventRequestsDuringMaintenance.php(110): Illuminate\\Pipeline\\Pipeline->Illuminate\\Pipeline\\{closure}()
#40 /home/applljeq/public_html/TheGuild/staging/ara/vendor/laravel/framework/src/Illuminate/Pipeline/Pipeline.php(209): Illuminate\\Foundation\\Http\\Middleware\\PreventRequestsDuringMaintenance->handle()
#41 /home/applljeq/public_html/TheGuild/staging/ara/vendor/laravel/framework/src/Illuminate/Http/Middleware/HandleCors.php(49): Illuminate\\Pipeline\\Pipeline->Illuminate\\Pipeline\\{closure}()
#42 /home/applljeq/public_html/TheGuild/staging/ara/vendor/laravel/framework/src/Illuminate/Pipeline/Pipeline.php(209): Illuminate\\Http\\Middleware\\HandleCors->handle()
#43 /home/applljeq/public_html/TheGuild/staging/ara/vendor/laravel/framework/src/Illuminate/Http/Middleware/TrustProxies.php(58): Illuminate\\Pipeline\\Pipeline->Illuminate\\Pipeline\\{closure}()
#44 /home/applljeq/public_html/TheGuild/staging/ara/vendor/laravel/framework/src/Illuminate/Pipeline/Pipeline.php(209): Illuminate\\Http\\Middleware\\TrustProxies->handle()
#45 /home/applljeq/public_html/TheGuild/staging/ara/vendor/laravel/framework/src/Illuminate/Foundation/Http/Middleware/InvokeDeferredCallbacks.php(22): Illuminate\\Pipeline\\Pipeline->Illuminate\\Pipeline\\{closure}()
#46 /home/applljeq/public_html/TheGuild/staging/ara/vendor/laravel/framework/src/Illuminate/Pipeline/Pipeline.php(209): Illuminate\\Foundation\\Http\\Middleware\\InvokeDeferredCallbacks->handle()
#47 /home/applljeq/public_html/TheGuild/staging/ara/vendor/laravel/framework/src/Illuminate/Pipeline/Pipeline.php(127): Illuminate\\Pipeline\\Pipeline->Illuminate\\Pipeline\\{closure}()
#48 /home/applljeq/public_html/TheGuild/staging/ara/vendor/laravel/framework/src/Illuminate/Foundation/Http/Kernel.php(176): Illuminate\\Pipeline\\Pipeline->then()
#49 /home/applljeq/public_html/TheGuild/staging/ara/vendor/laravel/framework/src/Illuminate/Foundation/Http/Kernel.php(145): Illuminate\\Foundation\\Http\\Kernel->sendRequestThroughRouter()
#50 /home/applljeq/public_html/TheGuild/staging/ara/vendor/laravel/framework/src/Illuminate/Foundation/Application.php(1216): Illuminate\\Foundation\\Http\\Kernel->handle()
#51 /home/applljeq/public_html/TheGuild/staging/ara/public/index.php(17): Illuminate\\Foundation\\Application->handleRequest()
#52 {main}

[previous exception] [object] (Illuminate\\Foundation\\ViteManifestNotFoundException(code: 0): Vite manifest not found at: /home/applljeq/public_html/TheGuild/staging/ara/public/build/manifest.json at /home/applljeq/public_html/TheGuild/staging/ara/vendor/laravel/framework/src/Illuminate/Foundation/Vite.php:934)
[stacktrace]
#0 /home/applljeq/public_html/TheGuild/staging/ara/vendor/laravel/framework/src/Illuminate/Foundation/Vite.php(384): Illuminate\\Foundation\\Vite->manifest()
#1 /home/applljeq/public_html/TheGuild/staging/ara/storage/framework/views/6cd6397d0c199046b8d5b7c7e80a91f1.php(7): Illuminate\\Foundation\\Vite->__invoke()
#2 /home/applljeq/public_html/TheGuild/staging/ara/vendor/laravel/framework/src/Illuminate/Filesystem/Filesystem.php(123): require('/home/applljeq/...')
#3 /home/applljeq/public_html/TheGuild/staging/ara/vendor/laravel/framework/src/Illuminate/Filesystem/Filesystem.php(124): Illuminate\\Filesystem\\Filesystem::Illuminate\\Filesystem\\{closure}()
#4 /home/applljeq/public_html/TheGuild/staging/ara/vendor/laravel/framework/src/Illuminate/View/Engines/PhpEngine.php(58): Illuminate\\Filesystem\\Filesystem->getRequire()
#5 /home/applljeq/public_html/TheGuild/staging/ara/vendor/laravel/framework/src/Illuminate/View/Engines/CompilerEngine.php(75): Illuminate\\View\\Engines\\PhpEngine->evaluatePath()
#6 /home/applljeq/public_html/TheGuild/staging/ara/vendor/laravel/framework/src/Illuminate/View/View.php(209): Illuminate\\View\\Engines\\CompilerEngine->get()
#7 /home/applljeq/public_html/TheGuild/staging/ara/vendor/laravel/framework/src/Illuminate/View/View.php(192): Illuminate\\View\\View->getContents()
#8 /home/applljeq/public_html/TheGuild/staging/ara/vendor/laravel/framework/src/Illuminate/View/View.php(161): Illuminate\\View\\View->renderContents()
#9 /home/applljeq/public_html/TheGuild/staging/ara/vendor/laravel/framework/src/Illuminate/Http/Response.php(79): Illuminate\\View\\View->render()
#10 /home/applljeq/public_html/TheGuild/staging/ara/vendor/laravel/framework/src/Illuminate/Http/Response.php(35): Illuminate\\Http\\Response->setContent()
#11 /home/applljeq/public_html/TheGuild/staging/ara/vendor/laravel/framework/src/Illuminate/Routing/Router.php(920): Illuminate\\Http\\Response->__construct()
#12 /home/applljeq/public_html/TheGuild/staging/ara/vendor/laravel/framework/src/Illuminate/Routing/Router.php(887): Illuminate\\Routing\\Router::toResponse()
#13 /home/applljeq/public_html/TheGuild/staging/ara/vendor/laravel/framework/src/Illuminate/Routing/Router.php(807): Illuminate\\Routing\\Router->prepareResponse()
#14 /home/applljeq/public_html/TheGuild/staging/ara/vendor/laravel/framework/src/Illuminate/Pipeline/Pipeline.php(170): Illuminate\\Routing\\Router->Illuminate\\Routing\\{closure}()
#15 /home/applljeq/public_html/TheGuild/staging/ara/vendor/laravel/framework/src/Illuminate/Routing/Middleware/SubstituteBindings.php(51): Illuminate\\Pipeline\\Pipeline->Illuminate\\Pipeline\\{closure}()
#16 /home/applljeq/public_html/TheGuild/staging/ara/vendor/laravel/framework/src/Illuminate/Pipeline/Pipeline.php(209): Illuminate\\Routing\\Middleware\\SubstituteBindings->handle()
#17 /home/applljeq/public_html/TheGuild/staging/ara/vendor/laravel/framework/src/Illuminate/Foundation/Http/Middleware/VerifyCsrfToken.php(88): Illuminate\\Pipeline\\Pipeline->Illuminate\\Pipeline\\{closure}()
#18 /home/applljeq/public_html/TheGuild/staging/ara/vendor/laravel/framework/src/Illuminate/Pipeline/Pipeline.php(209): Illuminate\\Foundation\\Http\\Middleware\\VerifyCsrfToken->handle()
#19 /home/applljeq/public_html/TheGuild/staging/ara/vendor/laravel/framework/src/Illuminate/View/Middleware/ShareErrorsFromSession.php(49): Illuminate\\Pipeline\\Pipeline->Illuminate\\Pipeline\\{closure}()
#20 /home/applljeq/public_html/TheGuild/staging/ara/vendor/laravel/framework/src/Illuminate/Pipeline/Pipeline.php(209): Illuminate\\View\\Middleware\\ShareErrorsFromSession->handle()
#21 /home/applljeq/public_html/TheGuild/staging/ara/vendor/laravel/framework/src/Illuminate/Session/Middleware/StartSession.php(121): Illuminate\\Pipeline\\Pipeline->Illuminate\\Pipeline\\{closure}()
#22 /home/applljeq/public_html/TheGuild/staging/ara/vendor/laravel/framework/src/Illuminate/Session/Middleware/StartSession.php(64): Illuminate\\Session\\Middleware\\StartSession->handleStatefulRequest()
#23 /home/applljeq/public_html/TheGuild/staging/ara/vendor/laravel/framework/src/Illuminate/Pipeline/Pipeline.php(209): Illuminate\\Session\\Middleware\\StartSession->handle()
#24 /home/applljeq/public_html/TheGuild/staging/ara/vendor/laravel/framework/src/Illuminate/Cookie/Middleware/AddQueuedCookiesToResponse.php(37): Illuminate\\Pipeline\\Pipeline->Illuminate\\Pipeline\\{closure}()
#25 /home/applljeq/public_html/TheGuild/staging/ara/vendor/laravel/framework/src/Illuminate/Pipeline/Pipeline.php(209): Illuminate\\Cookie\\Middleware\\AddQueuedCookiesToResponse->handle()
#26 /home/applljeq/public_html/TheGuild/staging/ara/vendor/laravel/framework/src/Illuminate/Cookie/Middleware/EncryptCookies.php(75): Illuminate\\Pipeline\\Pipeline->Illuminate\\Pipeline\\{closure}()
#27 /home/applljeq/public_html/TheGuild/staging/ara/vendor/laravel/framework/src/Illuminate/Pipeline/Pipeline.php(209): Illuminate\\Cookie\\Middleware\\EncryptCookies->handle()
#28 /home/applljeq/public_html/TheGuild/staging/ara/vendor/laravel/framework/src/Illuminate/Pipeline/Pipeline.php(127): Illuminate\\Pipeline\\Pipeline->Illuminate\\Pipeline\\{closure}()
#29 /home/applljeq/public_html/TheGuild/staging/ara/vendor/laravel/framework/src/Illuminate/Routing/Router.php(807): Illuminate\\Pipeline\\Pipeline->then()
#30 /home/applljeq/public_html/TheGuild/staging/ara/vendor/laravel/framework/src/Illuminate/Routing/Router.php(786): Illuminate\\Routing\\Router->runRouteWithinStack()
#31 /home/applljeq/public_html/TheGuild/staging/ara/vendor/laravel/framework/src/Illuminate/Routing/Router.php(750): Illuminate\\Routing\\Router->runRoute()
#32 /home/applljeq/public_html/TheGuild/staging/ara/vendor/laravel/framework/src/Illuminate/Routing/Router.php(739): Illuminate\\Routing\\Router->dispatchToRoute()
#33 /home/applljeq/public_html/TheGuild/staging/ara/vendor/laravel/framework/src/Illuminate/Foundation/Http/Kernel.php(201): Illuminate\\Routing\\Router->dispatch()
#34 /home/applljeq/public_html/TheGuild/staging/ara/vendor/laravel/framework/src/Illuminate/Pipeline/Pipeline.php(170): Illuminate\\Foundation\\Http\\Kernel->Illuminate\\Foundation\\Http\\{closure}()
#35 /home/applljeq/public_html/TheGuild/staging/ara/vendor/laravel/framework/src/Illuminate/Foundation/Http/Middleware/TransformsRequest.php(21): Illuminate\\Pipeline\\Pipeline->Illuminate\\Pipeline\\{closure}()
#36 /home/applljeq/public_html/TheGuild/staging/ara/vendor/laravel/framework/src/Illuminate/Foundation/Http/Middleware/ConvertEmptyStringsToNull.php(31): Illuminate\\Foundation\\Http\\Middleware\\TransformsRequest->handle()
#37 /home/applljeq/public_html/TheGuild/staging/ara/vendor/laravel/framework/src/Illuminate/Pipeline/Pipeline.php(209): Illuminate\\Foundation\\Http\\Middleware\\ConvertEmptyStringsToNull->handle()
#38 /home/applljeq/public_html/TheGuild/staging/ara/vendor/laravel/framework/src/Illuminate/Foundation/Http/Middleware/TransformsRequest.php(21): Illuminate\\Pipeline\\Pipeline->Illuminate\\Pipeline\\{closure}()
#39 /home/applljeq/public_html/TheGuild/staging/ara/vendor/laravel/framework/src/Illuminate/Foundation/Http/Middleware/TrimStrings.php(51): Illuminate\\Foundation\\Http\\Middleware\\TransformsRequest->handle()
#40 /home/applljeq/public_html/TheGuild/staging/ara/vendor/laravel/framework/src/Illuminate/Pipeline/Pipeline.php(209): Illuminate\\Foundation\\Http\\Middleware\\TrimStrings->handle()
#41 /home/applljeq/public_html/TheGuild/staging/ara/vendor/laravel/framework/src/Illuminate/Http/Middleware/ValidatePostSize.php(27): Illuminate\\Pipeline\\Pipeline->Illuminate\\Pipeline\\{closure}()
#42 /home/applljeq/public_html/TheGuild/staging/ara/vendor/laravel/framework/src/Illuminate/Pipeline/Pipeline.php(209): Illuminate\\Http\\Middleware\\ValidatePostSize->handle()
#43 /home/applljeq/public_html/TheGuild/staging/ara/vendor/laravel/framework/src/Illuminate/Foundation/Http/Middleware/PreventRequestsDuringMaintenance.php(110): Illuminate\\Pipeline\\Pipeline->Illuminate\\Pipeline\\{closure}()
#44 /home/applljeq/public_html/TheGuild/staging/ara/vendor/laravel/framework/src/Illuminate/Pipeline/Pipeline.php(209): Illuminate\\Foundation\\Http\\Middleware\\PreventRequestsDuringMaintenance->handle()
#45 /home/applljeq/public_html/TheGuild/staging/ara/vendor/laravel/framework/src/Illuminate/Http/Middleware/HandleCors.php(49): Illuminate\\Pipeline\\Pipeline->Illuminate\\Pipeline\\{closure}()
#46 /home/applljeq/public_html/TheGuild/staging/ara/vendor/laravel/framework/src/Illuminate/Pipeline/Pipeline.php(209): Illuminate\\Http\\Middleware\\HandleCors->handle()
#47 /home/applljeq/public_html/TheGuild/staging/ara/vendor/laravel/framework/src/Illuminate/Http/Middleware/TrustProxies.php(58): Illuminate\\Pipeline\\Pipeline->Illuminate\\Pipeline\\{closure}()
#48 /home/applljeq/public_html/TheGuild/staging/ara/vendor/laravel/framework/src/Illuminate/Pipeline/Pipeline.php(209): Illuminate\\Http\\Middleware\\TrustProxies->handle()
#49 /home/applljeq/public_html/TheGuild/staging/ara/vendor/laravel/framework/src/Illuminate/Foundation/Http/Middleware/InvokeDeferredCallbacks.php(22): Illuminate\\Pipeline\\Pipeline->Illuminate\\Pipeline\\{closure}()
#50 /home/applljeq/public_html/TheGuild/staging/ara/vendor/laravel/framework/src/Illuminate/Pipeline/Pipeline.php(209): Illuminate\\Foundation\\Http\\Middleware\\InvokeDeferredCallbacks->handle()
#51 /home/applljeq/public_html/TheGuild/staging/ara/vendor/laravel/framework/src/Illuminate/Pipeline/Pipeline.php(127): Illuminate\\Pipeline\\Pipeline->Illuminate\\Pipeline\\{closure}()
#52 /home/applljeq/public_html/TheGuild/staging/ara/vendor/laravel/framework/src/Illuminate/Foundation/Http/Kernel.php(176): Illuminate\\Pipeline\\Pipeline->then()
#53 /home/applljeq/public_html/TheGuild/staging/ara/vendor/laravel/framework/src/Illuminate/Foundation/Http/Kernel.php(145): Illuminate\\Foundation\\Http\\Kernel->sendRequestThroughRouter()
#54 /home/applljeq/public_html/TheGuild/staging/ara/vendor/laravel/framework/src/Illuminate/Foundation/Application.php(1216): Illuminate\\Foundation\\Http\\Kernel->handle()
#55 /home/applljeq/public_html/TheGuild/staging/ara/public/index.php(17): Illuminate\\Foundation\\Application->handleRequest()
#56 {main}
"} 
[2025-02-12 10:23:09] production.ERROR: Vite manifest not found at: /home/applljeq/public_html/TheGuild/staging/ara/public/build/manifest.json (View: /home/applljeq/public_html/TheGuild/staging/ara/resources/views/welcome.blade.php) {"exception":"[object] (Illuminate\\View\\ViewException(code: 0): Vite manifest not found at: /home/applljeq/public_html/TheGuild/staging/ara/public/build/manifest.json (View: /home/applljeq/public_html/TheGuild/staging/ara/resources/views/welcome.blade.php) at /home/applljeq/public_html/TheGuild/staging/ara/vendor/laravel/framework/src/Illuminate/Foundation/Vite.php:934)
[stacktrace]
#0 /home/applljeq/public_html/TheGuild/staging/ara/vendor/laravel/framework/src/Illuminate/View/Engines/PhpEngine.php(60): Illuminate\\View\\Engines\\CompilerEngine->handleViewException()
#1 /home/applljeq/public_html/TheGuild/staging/ara/vendor/laravel/framework/src/Illuminate/View/Engines/CompilerEngine.php(75): Illuminate\\View\\Engines\\PhpEngine->evaluatePath()
#2 /home/applljeq/public_html/TheGuild/staging/ara/vendor/laravel/framework/src/Illuminate/View/View.php(209): Illuminate\\View\\Engines\\CompilerEngine->get()
#3 /home/applljeq/public_html/TheGuild/staging/ara/vendor/laravel/framework/src/Illuminate/View/View.php(192): Illuminate\\View\\View->getContents()
#4 /home/applljeq/public_html/TheGuild/staging/ara/vendor/laravel/framework/src/Illuminate/View/View.php(161): Illuminate\\View\\View->renderContents()
#5 /home/applljeq/public_html/TheGuild/staging/ara/vendor/laravel/framework/src/Illuminate/Http/Response.php(79): Illuminate\\View\\View->render()
#6 /home/applljeq/public_html/TheGuild/staging/ara/vendor/laravel/framework/src/Illuminate/Http/Response.php(35): Illuminate\\Http\\Response->setContent()
#7 /home/applljeq/public_html/TheGuild/staging/ara/vendor/laravel/framework/src/Illuminate/Routing/Router.php(920): Illuminate\\Http\\Response->__construct()
#8 /home/applljeq/public_html/TheGuild/staging/ara/vendor/laravel/framework/src/Illuminate/Routing/Router.php(887): Illuminate\\Routing\\Router::toResponse()
#9 /home/applljeq/public_html/TheGuild/staging/ara/vendor/laravel/framework/src/Illuminate/Routing/Router.php(807): Illuminate\\Routing\\Router->prepareResponse()
#10 /home/applljeq/public_html/TheGuild/staging/ara/vendor/laravel/framework/src/Illuminate/Pipeline/Pipeline.php(170): Illuminate\\Routing\\Router->Illuminate\\Routing\\{closure}()
#11 /home/applljeq/public_html/TheGuild/staging/ara/vendor/laravel/framework/src/Illuminate/Routing/Middleware/SubstituteBindings.php(51): Illuminate\\Pipeline\\Pipeline->Illuminate\\Pipeline\\{closure}()
#12 /home/applljeq/public_html/TheGuild/staging/ara/vendor/laravel/framework/src/Illuminate/Pipeline/Pipeline.php(209): Illuminate\\Routing\\Middleware\\SubstituteBindings->handle()
#13 /home/applljeq/public_html/TheGuild/staging/ara/vendor/laravel/framework/src/Illuminate/Foundation/Http/Middleware/VerifyCsrfToken.php(88): Illuminate\\Pipeline\\Pipeline->Illuminate\\Pipeline\\{closure}()
#14 /home/applljeq/public_html/TheGuild/staging/ara/vendor/laravel/framework/src/Illuminate/Pipeline/Pipeline.php(209): Illuminate\\Foundation\\Http\\Middleware\\VerifyCsrfToken->handle()
#15 /home/applljeq/public_html/TheGuild/staging/ara/vendor/laravel/framework/src/Illuminate/View/Middleware/ShareErrorsFromSession.php(49): Illuminate\\Pipeline\\Pipeline->Illuminate\\Pipeline\\{closure}()
#16 /home/applljeq/public_html/TheGuild/staging/ara/vendor/laravel/framework/src/Illuminate/Pipeline/Pipeline.php(209): Illuminate\\View\\Middleware\\ShareErrorsFromSession->handle()
#17 /home/applljeq/public_html/TheGuild/staging/ara/vendor/laravel/framework/src/Illuminate/Session/Middleware/StartSession.php(121): Illuminate\\Pipeline\\Pipeline->Illuminate\\Pipeline\\{closure}()
#18 /home/applljeq/public_html/TheGuild/staging/ara/vendor/laravel/framework/src/Illuminate/Session/Middleware/StartSession.php(64): Illuminate\\Session\\Middleware\\StartSession->handleStatefulRequest()
#19 /home/applljeq/public_html/TheGuild/staging/ara/vendor/laravel/framework/src/Illuminate/Pipeline/Pipeline.php(209): Illuminate\\Session\\Middleware\\StartSession->handle()
#20 /home/applljeq/public_html/TheGuild/staging/ara/vendor/laravel/framework/src/Illuminate/Cookie/Middleware/AddQueuedCookiesToResponse.php(37): Illuminate\\Pipeline\\Pipeline->Illuminate\\Pipeline\\{closure}()
#21 /home/applljeq/public_html/TheGuild/staging/ara/vendor/laravel/framework/src/Illuminate/Pipeline/Pipeline.php(209): Illuminate\\Cookie\\Middleware\\AddQueuedCookiesToResponse->handle()
#22 /home/applljeq/public_html/TheGuild/staging/ara/vendor/laravel/framework/src/Illuminate/Cookie/Middleware/EncryptCookies.php(75): Illuminate\\Pipeline\\Pipeline->Illuminate\\Pipeline\\{closure}()
#23 /home/applljeq/public_html/TheGuild/staging/ara/vendor/laravel/framework/src/Illuminate/Pipeline/Pipeline.php(209): Illuminate\\Cookie\\Middleware\\EncryptCookies->handle()
#24 /home/applljeq/public_html/TheGuild/staging/ara/vendor/laravel/framework/src/Illuminate/Pipeline/Pipeline.php(127): Illuminate\\Pipeline\\Pipeline->Illuminate\\Pipeline\\{closure}()
#25 /home/applljeq/public_html/TheGuild/staging/ara/vendor/laravel/framework/src/Illuminate/Routing/Router.php(807): Illuminate\\Pipeline\\Pipeline->then()
#26 /home/applljeq/public_html/TheGuild/staging/ara/vendor/laravel/framework/src/Illuminate/Routing/Router.php(786): Illuminate\\Routing\\Router->runRouteWithinStack()
#27 /home/applljeq/public_html/TheGuild/staging/ara/vendor/laravel/framework/src/Illuminate/Routing/Router.php(750): Illuminate\\Routing\\Router->runRoute()
#28 /home/applljeq/public_html/TheGuild/staging/ara/vendor/laravel/framework/src/Illuminate/Routing/Router.php(739): Illuminate\\Routing\\Router->dispatchToRoute()
#29 /home/applljeq/public_html/TheGuild/staging/ara/vendor/laravel/framework/src/Illuminate/Foundation/Http/Kernel.php(201): Illuminate\\Routing\\Router->dispatch()
#30 /home/applljeq/public_html/TheGuild/staging/ara/vendor/laravel/framework/src/Illuminate/Pipeline/Pipeline.php(170): Illuminate\\Foundation\\Http\\Kernel->Illuminate\\Foundation\\Http\\{closure}()
#31 /home/applljeq/public_html/TheGuild/staging/ara/vendor/laravel/framework/src/Illuminate/Foundation/Http/Middleware/TransformsRequest.php(21): Illuminate\\Pipeline\\Pipeline->Illuminate\\Pipeline\\{closure}()
#32 /home/applljeq/public_html/TheGuild/staging/ara/vendor/laravel/framework/src/Illuminate/Foundation/Http/Middleware/ConvertEmptyStringsToNull.php(31): Illuminate\\Foundation\\Http\\Middleware\\TransformsRequest->handle()
#33 /home/applljeq/public_html/TheGuild/staging/ara/vendor/laravel/framework/src/Illuminate/Pipeline/Pipeline.php(209): Illuminate\\Foundation\\Http\\Middleware\\ConvertEmptyStringsToNull->handle()
#34 /home/applljeq/public_html/TheGuild/staging/ara/vendor/laravel/framework/src/Illuminate/Foundation/Http/Middleware/TransformsRequest.php(21): Illuminate\\Pipeline\\Pipeline->Illuminate\\Pipeline\\{closure}()
#35 /home/applljeq/public_html/TheGuild/staging/ara/vendor/laravel/framework/src/Illuminate/Foundation/Http/Middleware/TrimStrings.php(51): Illuminate\\Foundation\\Http\\Middleware\\TransformsRequest->handle()
#36 /home/applljeq/public_html/TheGuild/staging/ara/vendor/laravel/framework/src/Illuminate/Pipeline/Pipeline.php(209): Illuminate\\Foundation\\Http\\Middleware\\TrimStrings->handle()
#37 /home/applljeq/public_html/TheGuild/staging/ara/vendor/laravel/framework/src/Illuminate/Http/Middleware/ValidatePostSize.php(27): Illuminate\\Pipeline\\Pipeline->Illuminate\\Pipeline\\{closure}()
#38 /home/applljeq/public_html/TheGuild/staging/ara/vendor/laravel/framework/src/Illuminate/Pipeline/Pipeline.php(209): Illuminate\\Http\\Middleware\\ValidatePostSize->handle()
#39 /home/applljeq/public_html/TheGuild/staging/ara/vendor/laravel/framework/src/Illuminate/Foundation/Http/Middleware/PreventRequestsDuringMaintenance.php(110): Illuminate\\Pipeline\\Pipeline->Illuminate\\Pipeline\\{closure}()
#40 /home/applljeq/public_html/TheGuild/staging/ara/vendor/laravel/framework/src/Illuminate/Pipeline/Pipeline.php(209): Illuminate\\Foundation\\Http\\Middleware\\PreventRequestsDuringMaintenance->handle()
#41 /home/applljeq/public_html/TheGuild/staging/ara/vendor/laravel/framework/src/Illuminate/Http/Middleware/HandleCors.php(49): Illuminate\\Pipeline\\Pipeline->Illuminate\\Pipeline\\{closure}()
#42 /home/applljeq/public_html/TheGuild/staging/ara/vendor/laravel/framework/src/Illuminate/Pipeline/Pipeline.php(209): Illuminate\\Http\\Middleware\\HandleCors->handle()
#43 /home/applljeq/public_html/TheGuild/staging/ara/vendor/laravel/framework/src/Illuminate/Http/Middleware/TrustProxies.php(58): Illuminate\\Pipeline\\Pipeline->Illuminate\\Pipeline\\{closure}()
#44 /home/applljeq/public_html/TheGuild/staging/ara/vendor/laravel/framework/src/Illuminate/Pipeline/Pipeline.php(209): Illuminate\\Http\\Middleware\\TrustProxies->handle()
#45 /home/applljeq/public_html/TheGuild/staging/ara/vendor/laravel/framework/src/Illuminate/Foundation/Http/Middleware/InvokeDeferredCallbacks.php(22): Illuminate\\Pipeline\\Pipeline->Illuminate\\Pipeline\\{closure}()
#46 /home/applljeq/public_html/TheGuild/staging/ara/vendor/laravel/framework/src/Illuminate/Pipeline/Pipeline.php(209): Illuminate\\Foundation\\Http\\Middleware\\InvokeDeferredCallbacks->handle()
#47 /home/applljeq/public_html/TheGuild/staging/ara/vendor/laravel/framework/src/Illuminate/Pipeline/Pipeline.php(127): Illuminate\\Pipeline\\Pipeline->Illuminate\\Pipeline\\{closure}()
#48 /home/applljeq/public_html/TheGuild/staging/ara/vendor/laravel/framework/src/Illuminate/Foundation/Http/Kernel.php(176): Illuminate\\Pipeline\\Pipeline->then()
#49 /home/applljeq/public_html/TheGuild/staging/ara/vendor/laravel/framework/src/Illuminate/Foundation/Http/Kernel.php(145): Illuminate\\Foundation\\Http\\Kernel->sendRequestThroughRouter()
#50 /home/applljeq/public_html/TheGuild/staging/ara/vendor/laravel/framework/src/Illuminate/Foundation/Application.php(1216): Illuminate\\Foundation\\Http\\Kernel->handle()
#51 /home/applljeq/public_html/TheGuild/staging/ara/public/index.php(17): Illuminate\\Foundation\\Application->handleRequest()
#52 {main}

[previous exception] [object] (Illuminate\\Foundation\\ViteManifestNotFoundException(code: 0): Vite manifest not found at: /home/applljeq/public_html/TheGuild/staging/ara/public/build/manifest.json at /home/applljeq/public_html/TheGuild/staging/ara/vendor/laravel/framework/src/Illuminate/Foundation/Vite.php:934)
[stacktrace]
#0 /home/applljeq/public_html/TheGuild/staging/ara/vendor/laravel/framework/src/Illuminate/Foundation/Vite.php(384): Illuminate\\Foundation\\Vite->manifest()
#1 /home/applljeq/public_html/TheGuild/staging/ara/storage/framework/views/6cd6397d0c199046b8d5b7c7e80a91f1.php(7): Illuminate\\Foundation\\Vite->__invoke()
#2 /home/applljeq/public_html/TheGuild/staging/ara/vendor/laravel/framework/src/Illuminate/Filesystem/Filesystem.php(123): require('/home/applljeq/...')
#3 /home/applljeq/public_html/TheGuild/staging/ara/vendor/laravel/framework/src/Illuminate/Filesystem/Filesystem.php(124): Illuminate\\Filesystem\\Filesystem::Illuminate\\Filesystem\\{closure}()
#4 /home/applljeq/public_html/TheGuild/staging/ara/vendor/laravel/framework/src/Illuminate/View/Engines/PhpEngine.php(58): Illuminate\\Filesystem\\Filesystem->getRequire()
#5 /home/applljeq/public_html/TheGuild/staging/ara/vendor/laravel/framework/src/Illuminate/View/Engines/CompilerEngine.php(75): Illuminate\\View\\Engines\\PhpEngine->evaluatePath()
#6 /home/applljeq/public_html/TheGuild/staging/ara/vendor/laravel/framework/src/Illuminate/View/View.php(209): Illuminate\\View\\Engines\\CompilerEngine->get()
#7 /home/applljeq/public_html/TheGuild/staging/ara/vendor/laravel/framework/src/Illuminate/View/View.php(192): Illuminate\\View\\View->getContents()
#8 /home/applljeq/public_html/TheGuild/staging/ara/vendor/laravel/framework/src/Illuminate/View/View.php(161): Illuminate\\View\\View->renderContents()
#9 /home/applljeq/public_html/TheGuild/staging/ara/vendor/laravel/framework/src/Illuminate/Http/Response.php(79): Illuminate\\View\\View->render()
#10 /home/applljeq/public_html/TheGuild/staging/ara/vendor/laravel/framework/src/Illuminate/Http/Response.php(35): Illuminate\\Http\\Response->setContent()
#11 /home/applljeq/public_html/TheGuild/staging/ara/vendor/laravel/framework/src/Illuminate/Routing/Router.php(920): Illuminate\\Http\\Response->__construct()
#12 /home/applljeq/public_html/TheGuild/staging/ara/vendor/laravel/framework/src/Illuminate/Routing/Router.php(887): Illuminate\\Routing\\Router::toResponse()
#13 /home/applljeq/public_html/TheGuild/staging/ara/vendor/laravel/framework/src/Illuminate/Routing/Router.php(807): Illuminate\\Routing\\Router->prepareResponse()
#14 /home/applljeq/public_html/TheGuild/staging/ara/vendor/laravel/framework/src/Illuminate/Pipeline/Pipeline.php(170): Illuminate\\Routing\\Router->Illuminate\\Routing\\{closure}()
#15 /home/applljeq/public_html/TheGuild/staging/ara/vendor/laravel/framework/src/Illuminate/Routing/Middleware/SubstituteBindings.php(51): Illuminate\\Pipeline\\Pipeline->Illuminate\\Pipeline\\{closure}()
#16 /home/applljeq/public_html/TheGuild/staging/ara/vendor/laravel/framework/src/Illuminate/Pipeline/Pipeline.php(209): Illuminate\\Routing\\Middleware\\SubstituteBindings->handle()
#17 /home/applljeq/public_html/TheGuild/staging/ara/vendor/laravel/framework/src/Illuminate/Foundation/Http/Middleware/VerifyCsrfToken.php(88): Illuminate\\Pipeline\\Pipeline->Illuminate\\Pipeline\\{closure}()
#18 /home/applljeq/public_html/TheGuild/staging/ara/vendor/laravel/framework/src/Illuminate/Pipeline/Pipeline.php(209): Illuminate\\Foundation\\Http\\Middleware\\VerifyCsrfToken->handle()
#19 /home/applljeq/public_html/TheGuild/staging/ara/vendor/laravel/framework/src/Illuminate/View/Middleware/ShareErrorsFromSession.php(49): Illuminate\\Pipeline\\Pipeline->Illuminate\\Pipeline\\{closure}()
#20 /home/applljeq/public_html/TheGuild/staging/ara/vendor/laravel/framework/src/Illuminate/Pipeline/Pipeline.php(209): Illuminate\\View\\Middleware\\ShareErrorsFromSession->handle()
#21 /home/applljeq/public_html/TheGuild/staging/ara/vendor/laravel/framework/src/Illuminate/Session/Middleware/StartSession.php(121): Illuminate\\Pipeline\\Pipeline->Illuminate\\Pipeline\\{closure}()
#22 /home/applljeq/public_html/TheGuild/staging/ara/vendor/laravel/framework/src/Illuminate/Session/Middleware/StartSession.php(64): Illuminate\\Session\\Middleware\\StartSession->handleStatefulRequest()
#23 /home/applljeq/public_html/TheGuild/staging/ara/vendor/laravel/framework/src/Illuminate/Pipeline/Pipeline.php(209): Illuminate\\Session\\Middleware\\StartSession->handle()
#24 /home/applljeq/public_html/TheGuild/staging/ara/vendor/laravel/framework/src/Illuminate/Cookie/Middleware/AddQueuedCookiesToResponse.php(37): Illuminate\\Pipeline\\Pipeline->Illuminate\\Pipeline\\{closure}()
#25 /home/applljeq/public_html/TheGuild/staging/ara/vendor/laravel/framework/src/Illuminate/Pipeline/Pipeline.php(209): Illuminate\\Cookie\\Middleware\\AddQueuedCookiesToResponse->handle()
#26 /home/applljeq/public_html/TheGuild/staging/ara/vendor/laravel/framework/src/Illuminate/Cookie/Middleware/EncryptCookies.php(75): Illuminate\\Pipeline\\Pipeline->Illuminate\\Pipeline\\{closure}()
#27 /home/applljeq/public_html/TheGuild/staging/ara/vendor/laravel/framework/src/Illuminate/Pipeline/Pipeline.php(209): Illuminate\\Cookie\\Middleware\\EncryptCookies->handle()
#28 /home/applljeq/public_html/TheGuild/staging/ara/vendor/laravel/framework/src/Illuminate/Pipeline/Pipeline.php(127): Illuminate\\Pipeline\\Pipeline->Illuminate\\Pipeline\\{closure}()
#29 /home/applljeq/public_html/TheGuild/staging/ara/vendor/laravel/framework/src/Illuminate/Routing/Router.php(807): Illuminate\\Pipeline\\Pipeline->then()
#30 /home/applljeq/public_html/TheGuild/staging/ara/vendor/laravel/framework/src/Illuminate/Routing/Router.php(786): Illuminate\\Routing\\Router->runRouteWithinStack()
#31 /home/applljeq/public_html/TheGuild/staging/ara/vendor/laravel/framework/src/Illuminate/Routing/Router.php(750): Illuminate\\Routing\\Router->runRoute()
#32 /home/applljeq/public_html/TheGuild/staging/ara/vendor/laravel/framework/src/Illuminate/Routing/Router.php(739): Illuminate\\Routing\\Router->dispatchToRoute()
#33 /home/applljeq/public_html/TheGuild/staging/ara/vendor/laravel/framework/src/Illuminate/Foundation/Http/Kernel.php(201): Illuminate\\Routing\\Router->dispatch()
#34 /home/applljeq/public_html/TheGuild/staging/ara/vendor/laravel/framework/src/Illuminate/Pipeline/Pipeline.php(170): Illuminate\\Foundation\\Http\\Kernel->Illuminate\\Foundation\\Http\\{closure}()
#35 /home/applljeq/public_html/TheGuild/staging/ara/vendor/laravel/framework/src/Illuminate/Foundation/Http/Middleware/TransformsRequest.php(21): Illuminate\\Pipeline\\Pipeline->Illuminate\\Pipeline\\{closure}()
#36 /home/applljeq/public_html/TheGuild/staging/ara/vendor/laravel/framework/src/Illuminate/Foundation/Http/Middleware/ConvertEmptyStringsToNull.php(31): Illuminate\\Foundation\\Http\\Middleware\\TransformsRequest->handle()
#37 /home/applljeq/public_html/TheGuild/staging/ara/vendor/laravel/framework/src/Illuminate/Pipeline/Pipeline.php(209): Illuminate\\Foundation\\Http\\Middleware\\ConvertEmptyStringsToNull->handle()
#38 /home/applljeq/public_html/TheGuild/staging/ara/vendor/laravel/framework/src/Illuminate/Foundation/Http/Middleware/TransformsRequest.php(21): Illuminate\\Pipeline\\Pipeline->Illuminate\\Pipeline\\{closure}()
#39 /home/applljeq/public_html/TheGuild/staging/ara/vendor/laravel/framework/src/Illuminate/Foundation/Http/Middleware/TrimStrings.php(51): Illuminate\\Foundation\\Http\\Middleware\\TransformsRequest->handle()
#40 /home/applljeq/public_html/TheGuild/staging/ara/vendor/laravel/framework/src/Illuminate/Pipeline/Pipeline.php(209): Illuminate\\Foundation\\Http\\Middleware\\TrimStrings->handle()
#41 /home/applljeq/public_html/TheGuild/staging/ara/vendor/laravel/framework/src/Illuminate/Http/Middleware/ValidatePostSize.php(27): Illuminate\\Pipeline\\Pipeline->Illuminate\\Pipeline\\{closure}()
#42 /home/applljeq/public_html/TheGuild/staging/ara/vendor/laravel/framework/src/Illuminate/Pipeline/Pipeline.php(209): Illuminate\\Http\\Middleware\\ValidatePostSize->handle()
#43 /home/applljeq/public_html/TheGuild/staging/ara/vendor/laravel/framework/src/Illuminate/Foundation/Http/Middleware/PreventRequestsDuringMaintenance.php(110): Illuminate\\Pipeline\\Pipeline->Illuminate\\Pipeline\\{closure}()
#44 /home/applljeq/public_html/TheGuild/staging/ara/vendor/laravel/framework/src/Illuminate/Pipeline/Pipeline.php(209): Illuminate\\Foundation\\Http\\Middleware\\PreventRequestsDuringMaintenance->handle()
#45 /home/applljeq/public_html/TheGuild/staging/ara/vendor/laravel/framework/src/Illuminate/Http/Middleware/HandleCors.php(49): Illuminate\\Pipeline\\Pipeline->Illuminate\\Pipeline\\{closure}()
#46 /home/applljeq/public_html/TheGuild/staging/ara/vendor/laravel/framework/src/Illuminate/Pipeline/Pipeline.php(209): Illuminate\\Http\\Middleware\\HandleCors->handle()
#47 /home/applljeq/public_html/TheGuild/staging/ara/vendor/laravel/framework/src/Illuminate/Http/Middleware/TrustProxies.php(58): Illuminate\\Pipeline\\Pipeline->Illuminate\\Pipeline\\{closure}()
#48 /home/applljeq/public_html/TheGuild/staging/ara/vendor/laravel/framework/src/Illuminate/Pipeline/Pipeline.php(209): Illuminate\\Http\\Middleware\\TrustProxies->handle()
#49 /home/applljeq/public_html/TheGuild/staging/ara/vendor/laravel/framework/src/Illuminate/Foundation/Http/Middleware/InvokeDeferredCallbacks.php(22): Illuminate\\Pipeline\\Pipeline->Illuminate\\Pipeline\\{closure}()
#50 /home/applljeq/public_html/TheGuild/staging/ara/vendor/laravel/framework/src/Illuminate/Pipeline/Pipeline.php(209): Illuminate\\Foundation\\Http\\Middleware\\InvokeDeferredCallbacks->handle()
#51 /home/applljeq/public_html/TheGuild/staging/ara/vendor/laravel/framework/src/Illuminate/Pipeline/Pipeline.php(127): Illuminate\\Pipeline\\Pipeline->Illuminate\\Pipeline\\{closure}()
#52 /home/applljeq/public_html/TheGuild/staging/ara/vendor/laravel/framework/src/Illuminate/Foundation/Http/Kernel.php(176): Illuminate\\Pipeline\\Pipeline->then()
#53 /home/applljeq/public_html/TheGuild/staging/ara/vendor/laravel/framework/src/Illuminate/Foundation/Http/Kernel.php(145): Illuminate\\Foundation\\Http\\Kernel->sendRequestThroughRouter()
#54 /home/applljeq/public_html/TheGuild/staging/ara/vendor/laravel/framework/src/Illuminate/Foundation/Application.php(1216): Illuminate\\Foundation\\Http\\Kernel->handle()
#55 /home/applljeq/public_html/TheGuild/staging/ara/public/index.php(17): Illuminate\\Foundation\\Application->handleRequest()
#56 {main}
"} 
[2025-02-12 16:59:32] production.INFO: Received Data: {"mobile_no":"09770517315"} 
[2025-02-12 16:59:36] production.INFO: Received Data: {"mobile_no":"09770517315"} 
[2025-02-12 16:59:45] production.INFO: Received Data: {"professional_title":"Software Engineer"} 
[2025-02-12 17:00:05] production.INFO: Received Data: {"home_no":"5755 Oberlin Drive San Diego"} 
[2025-02-12 17:00:26] production.INFO: Received Data: {"current_address":"5755 Oberlin Drive San Diego"} 
[2025-02-12 17:00:28] production.INFO: Received Data: {"current_address":"5755 Oberlin Drive San Diego"} 
[2025-02-12 17:00:38] production.INFO: Received Data: {"service_area":"Service Area: 15 radius"} 
[2025-02-12 17:00:55] production.INFO: array (
  0 => 
  array (
    'name' => 'Monday',
    'closed' => false,
    'slots' => 
    array (
      0 => 
      array (
        'open' => '00:59',
        'close' => '12:59',
      ),
    ),
  ),
  1 => 
  array (
    'name' => 'Tuesday',
    'closed' => true,
    'slots' => 
    array (
    ),
  ),
  2 => 
  array (
    'name' => 'Wednesday',
    'closed' => true,
    'slots' => 
    array (
    ),
  ),
  3 => 
  array (
    'name' => 'Thursday',
    'closed' => true,
    'slots' => 
    array (
    ),
  ),
  4 => 
  array (
    'name' => 'Friday',
    'closed' => true,
    'slots' => 
    array (
    ),
  ),
  5 => 
  array (
    'name' => 'Saturday',
    'closed' => true,
    'slots' => 
    array (
    ),
  ),
  6 => 
  array (
    'name' => 'Sunday',
    'closed' => true,
    'slots' => 
    array (
    ),
  ),
)  
[2025-02-12 17:01:13] production.INFO: Received Data: {"skills":["List Item 1"]} 
[2025-02-12 17:01:14] production.INFO: Received Data: {"skills":["List Item 1","List Item  2"]} 
[2025-02-12 17:01:15] production.INFO: Received Data: {"skills":["List Item 1","List Item  2","List Item  3"]} 
[2025-02-12 17:01:19] production.INFO: Received Data: {"is_notify":1} 
[2025-02-12 17:01:20] production.INFO: Received Data: {"is_location":1} 
[2025-02-12 17:40:35] production.INFO: Received Data: {"is_notify":1} 
[2025-02-12 17:40:36] production.INFO: Received Data: {"is_notify":0} 
[2025-02-12 17:40:38] production.INFO: Received Data: {"is_location":1} 
[2025-02-12 17:43:29] production.INFO: Received Data: {"profile_photo":{"Illuminate\\Http\\UploadedFile":"/tmp/phpab1gWn"}} 
[2025-02-13 15:08:37] production.INFO: Received Data: {"profile_photo":{"Illuminate\\Http\\UploadedFile":"/tmp/phpJ2z0SA"}} 
[2025-02-13 16:44:30] production.INFO: Received Data: {"is_notify":1} 
[2025-02-13 16:44:31] production.INFO: Received Data: {"is_notify":1} 
[2025-02-13 16:44:31] production.INFO: Received Data: {"is_notify":0} 
[2025-02-13 16:44:31] production.INFO: Received Data: {"is_notify":0} 
[2025-02-13 16:44:31] production.INFO: Received Data: {"is_location":0} 
[2025-02-13 16:44:32] production.INFO: Received Data: {"is_notify":1} 
[2025-02-13 16:44:32] production.INFO: Received Data: {"is_notify":0} 
[2025-02-13 16:44:35] production.INFO: Received Data: {"is_notify":1} 
[2025-02-13 16:44:36] production.INFO: Received Data: {"is_location":1} 
[2025-02-13 16:44:37] production.INFO: Received Data: {"is_notify":0} 
[2025-02-13 16:44:38] production.INFO: Received Data: {"is_location":0} 
[2025-02-13 16:44:43] production.INFO: Received Data: {"is_notify":1} 
[2025-02-13 16:44:44] production.INFO: Received Data: {"is_location":1} 
[2025-02-13 16:44:46] production.INFO: Received Data: {"is_location":0} 
[2025-02-13 16:44:47] production.INFO: Received Data: {"is_notify":0} 
[2025-02-13 16:46:37] production.INFO: Received Data: {"skills":["List Item 1"]} 
[2025-02-13 16:46:38] production.INFO: Received Data: {"skills":[]} 
[2025-02-13 16:46:39] production.INFO: Received Data: {"skills":["List Item 1"]} 
[2025-02-13 16:46:40] production.INFO: Received Data: {"skills":["List Item 1","List Item  2"]} 
[2025-02-13 16:46:40] production.INFO: Received Data: {"skills":["List Item 1","List Item  2","List Item  3"]} 
[2025-02-13 16:46:44] production.INFO: Received Data: {"skills":["List Item 1","List Item  2","List Item  3","List Item  4"]} 
[2025-02-13 16:46:50] production.INFO: Received Data: {"skills":["List Item  2","List Item  3","List Item  4"]} 
[2025-02-13 16:46:51] production.INFO: Received Data: {"skills":["List Item  3","List Item  4"]} 
[2025-02-13 16:46:52] production.INFO: Received Data: {"skills":["List Item  4"]} 
[2025-02-13 16:46:52] production.INFO: Received Data: {"skills":[]} 
[2025-02-13 16:47:32] production.INFO: Received Data: {"is_location":1} 
[2025-02-13 16:47:33] production.INFO: Received Data: {"is_location":0} 
[2025-02-13 16:47:33] production.INFO: Received Data: {"is_notify":1} 
[2025-02-13 16:47:34] production.INFO: Received Data: {"is_notify":0} 
[2025-02-13 17:05:58] production.INFO: Received Data: {"is_location":1} 
[2025-02-13 17:05:58] production.INFO: Received Data: {"is_location":0} 
[2025-02-13 17:20:38] production.INFO: Received Data: {"is_notify":1} 
[2025-02-13 17:20:39] production.INFO: Received Data: {"is_notify":0} 
[2025-02-13 18:08:10] production.INFO: Received Data: {"is_notify":1} 
[2025-02-13 18:08:11] production.INFO: Received Data: {"is_notify":0} 
[2025-02-13 18:08:13] production.INFO: Received Data: {"is_location":1} 
[2025-02-13 18:08:15] production.INFO: Received Data: {"is_location":0} 
